<?xml version="1.0" encoding="UTF-8"?>
<testsuite name="AtmTest" tests="7" skipped="0" failures="0" errors="0" timestamp="2022-08-04T05:31:49" hostname="DIADESKTOP" time="0.018">
  <properties/>
  <testcase name="shouldHaveADefaultBalanceOf100()" classname="AtmTest" time="0.013"/>
  <testcase name="shouldDenyUserAccessWithIncorrectPin()" classname="AtmTest" time="0.002"/>
  <testcase name="withdrawOf51ShouldReturnOriginalBalanceOf50()" classname="AtmTest" time="0.001"/>
  <testcase name="shouldHaveADefaultBalanceOf50()" classname="AtmTest" time="0.001"/>
  <testcase name="shouldAllowUserAccessWithCorrectPin()" classname="AtmTest" time="0.0"/>
  <testcase name="depositOf50ShouldIncreaseQAnInitialBalanceOf50To100()" classname="AtmTest" time="0.001"/>
  <testcase name="withdrawOf50ShouldDecreaseAnInitialBalanceOf50To0()" classname="AtmTest" time="0.0"/>
  <system-out><![CDATA[]]></system-out>
  <system-err><![CDATA[]]></system-err>
</testsuite>
